<?xml version="1.0" encoding="UTF-8"?>
<!-- Generated by org.testng.reporters.JUnitXMLReporter -->
<testsuite hostname="lqh" ignored="0" name="Test" tests="56" failures="8" timestamp="09 四月 2019 06:31:57 GMT" time="8.934" errors="0">
  <testcase name="f" time="0.481" classname="my.company.TestLogin"/>
  <testcase name="f" time="0.16" classname="my.company.TestLogin"/>
  <testcase name="f" time="0.15" classname="my.company.TestLogin"/>
  <testcase name="f" time="0.15" classname="my.company.TestLogin"/>
  <testcase name="f" time="0.17" classname="my.company.TestLogin"/>
  <testcase name="f" time="0.1" classname="my.company.TestLogin"/>
  <testcase name="f" time="0.1" classname="my.company.TestLogin"/>
  <testcase name="f" time="0.156" classname="my.company.TestLogin"/>
  <testcase name="f" time="0.369" classname="my.company.TestLogin"/>
  <testcase name="f" time="0.17" classname="my.company.TestLogin"/>
  <testcase name="f" time="0.16" classname="my.company.TestLogin"/>
  <testcase name="f" time="0.12" classname="my.company.TestLogin"/>
  <testcase name="f" time="0.127" classname="my.company.TestLogin"/>
  <testcase name="f" time="0.2" classname="my.company.TestLogin">
    <failure type="java.lang.AssertionError" message="expected [4003] but found [200]">
      <![CDATA[java.lang.AssertionError: expected [4003] but found [200]
at my.company.TestLogin.f(TestLogin.java:27)
... Removed 31 stack frames]]>
    </failure>
  </testcase> <!-- f -->
  <testcase name="f" time="0.12" classname="my.company.TestLogin"/>
  <testcase name="f" time="0.15" classname="my.company.TestLogin"/>
  <testcase name="f" time="0.17" classname="my.company.TestLogin"/>
  <testcase name="f" time="0.16" classname="my.company.TestLogin"/>
  <testcase name="f" time="0.187" classname="my.company.TestLogin"/>
  <testcase name="f" time="0.152" classname="my.company.TestLogin"/>
  <testcase name="f" time="0.17" classname="my.company.TestLogin"/>
  <testcase name="f" time="0.11" classname="my.company.TestLogin"/>
  <testcase name="f" time="0.16" classname="my.company.TestLogin">
    <failure type="java.lang.AssertionError" message="expected [4003] but found [200]">
      <![CDATA[java.lang.AssertionError: expected [4003] but found [200]
at my.company.TestLogin.f(TestLogin.java:27)
... Removed 30 stack frames]]>
    </failure>
  </testcase> <!-- f -->
  <testcase name="f" time="0.1" classname="my.company.TestLogin"/>
  <testcase name="f" time="0.161" classname="my.company.TestLogin">
    <failure type="java.lang.AssertionError" message="expected [4002] but found [200]">
      <![CDATA[java.lang.AssertionError: expected [4002] but found [200]
at my.company.TestLogin.f(TestLogin.java:27)
... Removed 30 stack frames]]>
    </failure>
  </testcase> <!-- f -->
  <testcase name="f" time="0.18" classname="my.company.TestLogin"/>
  <testcase name="f" time="0.14" classname="my.company.TestLogin"/>
  <testcase name="f" time="0.16" classname="my.company.TestLogin"/>
  <testcase name="f" time="0.16" classname="my.company.TestLogin"/>
  <testcase name="f" time="0.17" classname="my.company.TestLogin"/>
  <testcase name="f" time="0.16" classname="my.company.TestLogin"/>
  <testcase name="f" time="0.12" classname="my.company.TestLogin"/>
  <testcase name="f" time="0.177" classname="my.company.TestLogin"/>
  <testcase name="f" time="0.11" classname="my.company.TestLogin"/>
  <testcase name="f" time="0.11" classname="my.company.TestLogin"/>
  <testcase name="f" time="0.1" classname="my.company.TestLogin"/>
  <testcase name="f" time="0.1" classname="my.company.TestLogin"/>
  <testcase name="f" time="0.1" classname="my.company.TestLogin"/>
  <testcase name="f" time="0.15" classname="my.company.TestLogin"/>
  <testcase name="f" time="0.11" classname="my.company.TestLogin">
    <failure type="java.lang.AssertionError" message="expected [4003] but found [4000]">
      <![CDATA[java.lang.AssertionError: expected [4003] but found [4000]
at my.company.TestLogin.f(TestLogin.java:27)
... Removed 30 stack frames]]>
    </failure>
  </testcase> <!-- f -->
  <testcase name="f" time="0.1" classname="my.company.TestLogin"/>
  <testcase name="f" time="0.112" classname="my.company.TestLogin"/>
  <testcase name="f" time="0.1" classname="my.company.TestLogin"/>
  <testcase name="f" time="0.18" classname="my.company.TestLogin"/>
  <testcase name="f" time="0.15" classname="my.company.TestLogin"/>
  <testcase name="f" time="0.17" classname="my.company.TestLogin">
    <failure type="java.lang.AssertionError" message="expected [4002] but found [200]">
      <![CDATA[java.lang.AssertionError: expected [4002] but found [200]
at my.company.TestLogin.f(TestLogin.java:27)
... Removed 30 stack frames]]>
    </failure>
  </testcase> <!-- f -->
  <testcase name="f" time="0.17" classname="my.company.TestLogin">
    <failure type="java.lang.AssertionError" message="expected [4002] but found [200]">
      <![CDATA[java.lang.AssertionError: expected [4002] but found [200]
at my.company.TestLogin.f(TestLogin.java:27)
... Removed 30 stack frames]]>
    </failure>
  </testcase> <!-- f -->
  <testcase name="f" time="0.17" classname="my.company.TestLogin">
    <failure type="java.lang.AssertionError" message="expected [4002] but found [200]">
      <![CDATA[java.lang.AssertionError: expected [4002] but found [200]
at my.company.TestLogin.f(TestLogin.java:27)
... Removed 30 stack frames]]>
    </failure>
  </testcase> <!-- f -->
  <testcase name="f" time="0.162" classname="my.company.TestLogin">
    <failure type="java.lang.AssertionError" message="expected [4002] but found [200]">
      <![CDATA[java.lang.AssertionError: expected [4002] but found [200]
at my.company.TestLogin.f(TestLogin.java:27)
... Removed 30 stack frames]]>
    </failure>
  </testcase> <!-- f -->
  <testcase name="f" time="0.11" classname="my.company.TestLogin"/>
  <testcase name="f" time="0.11" classname="my.company.TestLogin"/>
  <testcase name="f" time="0.12" classname="my.company.TestLogin"/>
  <testcase name="f" time="0.1" classname="my.company.TestLogin"/>
  <testcase name="f" time="0.11" classname="my.company.TestLogin"/>
  <testcase name="f" time="0.11" classname="my.company.TestLogin"/>
  <testcase name="f" time="0.15" classname="my.company.TestLogin"/>
</testsuite> <!-- Test -->
